2021-07-30 18:46:39 INFO  Log:22 - ***************************************
2021-07-30 18:46:39 INFO  Log:23 - launchApp
2021-07-30 18:46:39 INFO  Log:24 - ***************************************
2021-07-30 18:46:39 INFO  Log:33 - Log Details: launchApp
2021-07-30 18:46:39 INFO  Log:33 - Log Details: sub
2021-07-30 18:47:44 INFO  Log:22 - ***************************************
2021-07-30 18:47:44 INFO  Log:23 - launchApp
2021-07-30 18:47:44 INFO  Log:24 - ***************************************
2021-07-30 18:47:44 INFO  Log:33 - Log Details: launchApp
2021-07-30 18:47:44 ERROR Log:39 - Log Details: sub
2021-07-30 19:10:11 INFO  Log:22 - ***************************************
2021-07-30 19:10:11 INFO  Log:23 - launchApp
2021-07-30 19:10:11 INFO  Log:24 - ***************************************
2021-07-30 19:10:11 INFO  Log:33 - Log Details: launchApp
2021-07-30 19:10:11 ERROR Log:39 - Log Details: sub
2021-07-30 19:21:53 INFO  Log:22 - ***************************************
2021-07-30 19:21:53 INFO  Log:23 - launchApp
2021-07-30 19:21:53 INFO  Log:24 - ***************************************
2021-07-30 19:21:53 INFO  Log:33 - Log Details: launchApp
2021-07-30 19:21:53 ERROR Log:39 - Log Details: sub
2021-07-30 21:29:41 ERROR Log:39 - No Chrome Browser Support
2021-07-30 21:35:09 INFO  Log:33 - BrowserName:------:chrome
2021-07-30 21:35:09 ERROR Log:39 - No Chrome Browser Support
2021-07-30 21:49:42 INFO  Log:33 - BrowserName:------:chrome
2021-07-30 21:49:42 ERROR Log:39 - No Chrome Browser Support
2021-07-30 21:50:04 INFO  Log:33 - BrowserName:------:chrome
2021-07-30 21:50:04 ERROR Log:39 - No Chrome Browser Support
2021-07-30 21:52:03 INFO  Log:33 - BrowserName:------:chrome
2021-07-30 21:52:03 ERROR Log:39 - No Chrome Browser Support
2021-07-30 22:02:19 INFO  Log:33 - BrowserName:------:chrome
2021-07-30 22:02:19 ERROR Log:39 - No Chrome Browser Support
2021-07-30 22:03:52 INFO  Log:33 - BrowserName:------:chrome
2021-07-30 22:03:52 ERROR Log:39 - No Chrome Browser Support
2021-07-31 16:55:12 INFO  Log:33 - BrowserName:------:chrome
2021-07-31 16:55:12 ERROR Log:39 - No Chrome Browser Support
2021-07-31 17:56:27 INFO  Log:33 - BrowserName:------:chrome
2021-07-31 17:56:27 ERROR Log:39 - No Chrome Browser Support
2021-07-31 18:16:30 INFO  Log:33 - launchApp:------:launchApp
2021-07-31 18:18:28 INFO  Log:33 - BrowserName:------:chrome
2021-07-31 18:18:29 ERROR Log:39 - No Chrome Browser Support
2021-07-31 18:18:29 INFO  Log:33 - launchApp:------:launchApp
2021-07-31 18:19:20 INFO  Log:33 - BrowserName:------:chrome
2021-07-31 18:19:21 ERROR Log:39 - No Chrome Browser Support
2021-07-31 18:19:21 INFO  Log:33 - launchApp:------:launchApp
2021-07-31 18:26:43 INFO  Log:33 - BrowserName:------:chrome
2021-07-31 18:26:43 ERROR Log:39 - No Chrome Browser Support:java.lang.Exception: Chrome Browser Driver is not supported.
2021-07-31 18:26:43 INFO  Log:33 - launchApp:------:launchApp
2021-07-31 18:27:59 INFO  Log:33 - BrowserName:------:chrome
2021-07-31 18:27:59 ERROR Log:39 - No Chrome Browser Support:java.lang.Exception: Chrome Browser Driver is not supported.
2021-07-31 18:27:59 INFO  Log:33 - launchApp:------:launchApp
2021-07-31 18:29:22 INFO  Log:33 - BrowserName:------:chrome
2021-07-31 18:29:22 ERROR Log:39 - No Chrome Browser Support:java.lang.Exception: Chrome Browser Driver is not supported.[java.lang.IllegalStateException: The path to the driver executable must be set by the webdriver.chrome.driver system property; for more information, see https://github.com/SeleniumHQ/selenium/wiki/ChromeDriver. The latest version can be downloaded from http://chromedriver.storage.googleapis.com/index.html
2021-07-31 18:29:22 INFO  Log:33 - launchApp:------:launchApp
2021-07-31 18:30:25 INFO  Log:33 - BrowserName:------:chrome
2021-07-31 18:30:25 ERROR Log:39 - No Chrome Browser Support:java.lang.Exception: Chrome Browser Driver is not supported.[java.lang.IllegalStateException: The path to the driver executable must be set by the webdriver.chrome.driver system property; for more information, see https://github.com/SeleniumHQ/selenium/wiki/ChromeDriver. The latest version can be downloaded from http://chromedriver.storage.googleapis.com/index.html
2021-07-31 18:30:25 INFO  Log:33 - launchApp:------:launchApp
2021-07-31 18:33:04 INFO  Log:33 - BrowserName:------:chrome
2021-07-31 18:33:04 ERROR Log:39 - No Chrome Browser Support:java.lang.Exception: Chrome Browser Driver is not supported.[java.lang.IllegalStateException: The path to the driver executable must be set by the webdriver.chrome.driver system property; for more information, see https://github.com/SeleniumHQ/selenium/wiki/ChromeDriver. The latest version can be downloaded from http://chromedriver.storage.googleapis.com/index.html
2021-07-31 18:33:04 INFO  Log:33 - launchApp:------:launchApp
2021-07-31 18:39:23 INFO  Log:33 - BrowserName:------:chrome
2021-07-31 18:39:23 ERROR Log:39 - No Chrome Browser Support:java.lang.Exception: Chrome Browser Driver is not supported.[java.lang.IllegalStateException: The path to the driver executable must be set by the webdriver.chrome.driver system property; for more information, see https://github.com/SeleniumHQ/selenium/wiki/ChromeDriver. The latest version can be downloaded from http://chromedriver.storage.googleapis.com/index.html
2021-07-31 18:39:23 INFO  Log:33 - launchApp:------:launchApp
2021-07-31 18:40:49 INFO  Log:33 - BrowserName:------:chrome
2021-07-31 18:40:50 INFO  Log:33 - Created new Chrome Driver
2021-07-31 18:40:51 INFO  Log:33 - launchApp:------:launchApp
2021-07-31 18:44:08 INFO  Log:33 - BrowserName:------:chrome
2021-07-31 18:44:09 INFO  Log:33 - Created new Chrome Driver
2021-07-31 18:44:10 INFO  Log:33 - launchApp:------:launchApp
2021-07-31 18:45:21 INFO  Log:33 - BrowserName:------:chrome
2021-07-31 18:45:22 INFO  Log:33 - Created new Chrome Driver
2021-07-31 18:45:23 INFO  Log:33 - launchApp:------:launchApp
2021-07-31 18:50:29 INFO  Log:33 - BrowserName:------:chrome
2021-07-31 18:50:31 INFO  Log:33 - Created new Chrome Driver
2021-07-31 18:50:31 INFO  Log:33 - launchApp:------:launchApp
2021-07-31 18:53:48 INFO  Log:33 - BrowserName:------:chrome
2021-07-31 18:53:49 INFO  Log:33 - Created new Chrome Driver
2021-07-31 18:53:49 INFO  Log:33 - launchApp:------:launchApp
2021-07-31 18:53:53 INFO  Log:33 - BrowserName:------:chrome
2021-07-31 18:53:54 INFO  Log:33 - Created new Chrome Driver
2021-07-31 18:53:54 INFO  Log:33 - submitForm:------:submitForm
2021-07-31 19:01:40 INFO  Log:33 - BrowserName:------:chrome
2021-07-31 19:01:41 INFO  Log:33 - Created new Chrome Driver
2021-07-31 19:01:42 INFO  Log:33 - launchApp:------:launchApp
2021-07-31 19:01:46 INFO  Log:33 - BrowserName:------:chrome
2021-07-31 19:01:47 INFO  Log:33 - Created new Chrome Driver
2021-07-31 19:01:47 INFO  Log:33 - submitForm:------:submitForm
2021-07-31 19:03:22 INFO  Log:33 - BrowserName:------:chrome
2021-07-31 19:03:24 INFO  Log:33 - Created new Chrome Driver
2021-07-31 19:03:24 INFO  Log:33 - launchApp:------:launchApp
2021-07-31 19:03:30 INFO  Log:33 - BrowserName:------:chrome
2021-07-31 19:03:31 INFO  Log:33 - Created new Chrome Driver
2021-07-31 19:03:31 INFO  Log:33 - submitForm:------:submitForm
2021-07-31 20:17:27 INFO  Log:33 - BrowserName:------:chrome
2021-07-31 20:17:27 ERROR Log:39 - No Chrome Browser Support:java.lang.Exception: Chrome Browser Driver is not supported.[java.lang.IllegalStateException: The driver executable does not exist: E:\Automation\Selenium\Project\MavenFramework\Drivers\main\ChromeDriver\chromedriver.exe
2021-07-31 20:17:27 INFO  Log:33 - launchApp:------:launchApp
2021-07-31 20:21:18 INFO  Log:33 - BrowserName:------:chrome
2021-07-31 20:21:18 INFO  Log:33 - Creating new Chrome Driver: Chrome Driver Path--->E:\Automation\Selenium\Project\MavenFramework/Drivers/main/ChromeDriver/chromedriver.exe
2021-07-31 20:21:18 ERROR Log:39 - No Chrome Browser Support:java.lang.Exception: Chrome Browser Driver is not supported.[java.lang.IllegalStateException: The driver executable does not exist: E:\Automation\Selenium\Project\MavenFramework\Drivers\main\ChromeDriver\chromedriver.exe
2021-07-31 20:21:18 INFO  Log:33 - launchApp:------:launchApp
2021-07-31 20:22:14 INFO  Log:33 - BrowserName:------:chrome
2021-07-31 20:22:14 INFO  Log:33 - Creating new Chrome Driver: Chrome Driver Path--->E:\Automation\Selenium\Project\MavenFramework/Drivers/ChromeDriver/chromedriver.exe
2021-07-31 20:22:14 ERROR Log:39 - No Chrome Browser Support:java.lang.Exception: Chrome Browser Driver is not supported.[java.lang.IllegalStateException: The driver executable does not exist: E:\Automation\Selenium\Project\MavenFramework\Drivers\ChromeDriver\chromedriver.exe
2021-07-31 20:22:14 INFO  Log:33 - launchApp:------:launchApp
2021-07-31 20:24:12 INFO  Log:33 - BrowserName:------:chrome
2021-07-31 20:24:12 INFO  Log:33 - Creating new Chrome Driver: Chrome Driver Path--->E:\Automation\Selenium\Project\MavenFramework\Drivers\ChromeDriver\chromedriver.exe
2021-07-31 20:24:12 ERROR Log:39 - No Chrome Browser Support:java.lang.Exception: Chrome Browser Driver is not supported.[java.lang.IllegalStateException: The driver executable does not exist: E:\Automation\Selenium\Project\MavenFramework\Drivers\ChromeDriver\chromedriver.exe
2021-07-31 20:24:12 INFO  Log:33 - launchApp:------:launchApp
2021-07-31 20:27:30 INFO  Log:33 - BrowserName:------:chrome
2021-07-31 20:27:30 INFO  Log:33 - Creating new Chrome Driver: Chrome Driver Path--->E:\Automation\Selenium\Project\MavenFramework\Drivers\ChromeDriver\chromedriver.exe
2021-07-31 20:27:32 INFO  Log:33 - Created new Chrome Driver: Chrome Driver Path--->E:\Automation\Selenium\Project\MavenFramework\Drivers\ChromeDriver\chromedriver.exe
2021-07-31 20:27:32 INFO  Log:33 - launchApp:------:launchApp
2021-07-31 20:27:36 INFO  Log:33 - BrowserName:------:chrome
2021-07-31 20:27:36 INFO  Log:33 - Creating new Chrome Driver: Chrome Driver Path--->E:\Automation\Selenium\Project\MavenFramework\Drivers\ChromeDriver\chromedriver.exe
2021-07-31 20:27:37 INFO  Log:33 - Created new Chrome Driver: Chrome Driver Path--->E:\Automation\Selenium\Project\MavenFramework\Drivers\ChromeDriver\chromedriver.exe
2021-07-31 20:27:37 INFO  Log:33 - submitForm:------:submitForm
2021-07-31 20:28:48 INFO  Log:33 - BrowserName:------:chrome
2021-07-31 20:28:48 INFO  Log:33 - Creating new Chrome Driver: Chrome Driver Path--->E:\Automation\Selenium\Project\MavenFramework\Drivers\ChromeDriver\chromedriver.exe
2021-07-31 20:28:49 INFO  Log:33 - Created new Chrome Driver: Chrome Driver Path--->E:\Automation\Selenium\Project\MavenFramework\Drivers\ChromeDriver\chromedriver.exe
2021-07-31 20:28:50 INFO  Log:33 - launchApp:------:launchApp
2021-07-31 20:28:53 INFO  Log:33 - BrowserName:------:chrome
2021-07-31 20:28:53 INFO  Log:33 - Creating new Chrome Driver: Chrome Driver Path--->E:\Automation\Selenium\Project\MavenFramework\Drivers\ChromeDriver\chromedriver.exe
2021-07-31 20:28:54 INFO  Log:33 - Created new Chrome Driver: Chrome Driver Path--->E:\Automation\Selenium\Project\MavenFramework\Drivers\ChromeDriver\chromedriver.exe
2021-07-31 20:28:55 INFO  Log:33 - submitForm:------:submitForm
